Plugin v0.0.1 running on KiCad 9.0.4 and Python 3.13.7 (main, Aug 15 2025, 12:34:02) [GCC 15.2.1 20250813] on linux.
Imported /home/pfornage/KiCad/YBF-PCB/ws2812_and_cap.kicad_pcb, with 2 footprints, 14 tracks, and 0 drawings.
Imported /home/pfornage/KiCad/YBF-PCB/YBF.kicad_pcb, with 209 footprints, 1344 tracks, and 768 drawings.
/ (+ PCB /home/pfornage/KiCad/YBF-PCB/YBF.kicad_pcb)
├─ /ws2812_and_cap78/ (+ PCB /home/pfornage/KiCad/YBF-PCB/ws2812_and_cap.kicad_pcb)
├─ /ws2812_and_cap70/ (+ PCB /home/pfornage/KiCad/YBF-PCB/ws2812_and_cap.kicad_pcb)
├─ /ws2812_and_cap47/ (+ PCB /home/pfornage/KiCad/YBF-PCB/ws2812_and_cap.kicad_pcb)
├─ /ws2812_and_cap13/ (+ PCB /home/pfornage/KiCad/YBF-PCB/ws2812_and_cap.kicad_pcb)
├─ /ws2812_and_cap20/ (+ PCB /home/pfornage/KiCad/YBF-PCB/ws2812_and_cap.kicad_pcb)
├─ /ws2812_and_cap25/ (+ PCB /home/pfornage/KiCad/YBF-PCB/ws2812_and_cap.kicad_pcb)
├─ /ws2812_and_cap24/ (+ PCB /home/pfornage/KiCad/YBF-PCB/ws2812_and_cap.kicad_pcb)
├─ /ws2812_and_cap59/ (+ PCB /home/pfornage/KiCad/YBF-PCB/ws2812_and_cap.kicad_pcb)
├─ /ws2812_and_cap57/ (+ PCB /home/pfornage/KiCad/YBF-PCB/ws2812_and_cap.kicad_pcb)
├─ /ws2812_and_cap40/ (+ PCB /home/pfornage/KiCad/YBF-PCB/ws2812_and_cap.kicad_pcb)
├─ /ws2812_and_cap15/ (+ PCB /home/pfornage/KiCad/YBF-PCB/ws2812_and_cap.kicad_pcb)
├─ /ws2812_and_cap68/ (+ PCB /home/pfornage/KiCad/YBF-PCB/ws2812_and_cap.kicad_pcb)
├─ /ws2812_and_cap80/ (+ PCB /home/pfornage/KiCad/YBF-PCB/ws2812_and_cap.kicad_pcb)
├─ /ws2812_and_cap49/ (+ PCB /home/pfornage/KiCad/YBF-PCB/ws2812_and_cap.kicad_pcb)
├─ /ws2812_and_cap69/ (+ PCB /home/pfornage/KiCad/YBF-PCB/ws2812_and_cap.kicad_pcb)
├─ /ws2812_and_cap36/ (+ PCB /home/pfornage/KiCad/YBF-PCB/ws2812_and_cap.kicad_pcb)
├─ /ws2812_and_cap7/ (+ PCB /home/pfornage/KiCad/YBF-PCB/ws2812_and_cap.kicad_pcb)
├─ /ws2812_and_cap32/ (+ PCB /home/pfornage/KiCad/YBF-PCB/ws2812_and_cap.kicad_pcb)
├─ /ws2812_and_cap56/ (+ PCB /home/pfornage/KiCad/YBF-PCB/ws2812_and_cap.kicad_pcb)
├─ /ws2812_and_cap95/ (+ PCB /home/pfornage/KiCad/YBF-PCB/ws2812_and_cap.kicad_pcb)
├─ /ws2812_and_cap4/ (+ PCB /home/pfornage/KiCad/YBF-PCB/ws2812_and_cap.kicad_pcb)
├─ /ws2812_and_cap65/ (+ PCB /home/pfornage/KiCad/YBF-PCB/ws2812_and_cap.kicad_pcb)
├─ /ws2812_and_cap73/ (+ PCB /home/pfornage/KiCad/YBF-PCB/ws2812_and_cap.kicad_pcb)
├─ /ws2812_and_cap3/ (+ PCB /home/pfornage/KiCad/YBF-PCB/ws2812_and_cap.kicad_pcb)
├─ /ws2812_and_cap27/ (+ PCB /home/pfornage/KiCad/YBF-PCB/ws2812_and_cap.kicad_pcb)
├─ /ws2812_and_cap18/ (+ PCB /home/pfornage/KiCad/YBF-PCB/ws2812_and_cap.kicad_pcb)
├─ /ws2812_and_cap6/ (+ PCB /home/pfornage/KiCad/YBF-PCB/ws2812_and_cap.kicad_pcb)
├─ /ws2812_and_cap55/ (+ PCB /home/pfornage/KiCad/YBF-PCB/ws2812_and_cap.kicad_pcb)
├─ /ws2812_and_cap82/ (+ PCB /home/pfornage/KiCad/YBF-PCB/ws2812_and_cap.kicad_pcb)
├─ /ws2812_and_cap63/ (+ PCB /home/pfornage/KiCad/YBF-PCB/ws2812_and_cap.kicad_pcb)
├─ /ws2812_and_cap22/ (+ PCB /home/pfornage/KiCad/YBF-PCB/ws2812_and_cap.kicad_pcb)
├─ /ws2812_and_cap79/ (+ PCB /home/pfornage/KiCad/YBF-PCB/ws2812_and_cap.kicad_pcb)
├─ /ws2812_and_cap30/ (+ PCB /home/pfornage/KiCad/YBF-PCB/ws2812_and_cap.kicad_pcb)
├─ /ws2812_and_cap83/ (+ PCB /home/pfornage/KiCad/YBF-PCB/ws2812_and_cap.kicad_pcb)
├─ /ws2812_and_cap12/ (+ PCB /home/pfornage/KiCad/YBF-PCB/ws2812_and_cap.kicad_pcb)
├─ /ws2812_and_cap31/ (+ PCB /home/pfornage/KiCad/YBF-PCB/ws2812_and_cap.kicad_pcb)
├─ /ws2812_and_cap9/ (+ PCB /home/pfornage/KiCad/YBF-PCB/ws2812_and_cap.kicad_pcb)
├─ /ws2812_and_cap93/ (+ PCB /home/pfornage/KiCad/YBF-PCB/ws2812_and_cap.kicad_pcb)
├─ /ws2812_and_cap14/ (+ PCB /home/pfornage/KiCad/YBF-PCB/ws2812_and_cap.kicad_pcb)
├─ /ws2812_and_cap34/ (+ PCB /home/pfornage/KiCad/YBF-PCB/ws2812_and_cap.kicad_pcb)
├─ /ws2812_and_cap50/ (+ PCB /home/pfornage/KiCad/YBF-PCB/ws2812_and_cap.kicad_pcb)
├─ /ws2812_and_cap67/ (+ PCB /home/pfornage/KiCad/YBF-PCB/ws2812_and_cap.kicad_pcb)
├─ /ws2812_and_cap39/ (+ PCB /home/pfornage/KiCad/YBF-PCB/ws2812_and_cap.kicad_pcb)
├─ /ws2812_and_cap76/ (+ PCB /home/pfornage/KiCad/YBF-PCB/ws2812_and_cap.kicad_pcb)
├─ /ws2812_and_cap19/ (+ PCB /home/pfornage/KiCad/YBF-PCB/ws2812_and_cap.kicad_pcb)
├─ /ws2812_and_cap91/ (+ PCB /home/pfornage/KiCad/YBF-PCB/ws2812_and_cap.kicad_pcb)
├─ /ws2812_and_cap/ (+ PCB /home/pfornage/KiCad/YBF-PCB/ws2812_and_cap.kicad_pcb)
├─ /ws2812_and_cap94/ (+ PCB /home/pfornage/KiCad/YBF-PCB/ws2812_and_cap.kicad_pcb)
├─ /ws2812_and_cap90/ (+ PCB /home/pfornage/KiCad/YBF-PCB/ws2812_and_cap.kicad_pcb)
├─ /ws2812_and_cap61/ (+ PCB /home/pfornage/KiCad/YBF-PCB/ws2812_and_cap.kicad_pcb)
├─ /ws2812_and_cap1/ (+ PCB /home/pfornage/KiCad/YBF-PCB/ws2812_and_cap.kicad_pcb)
├─ /ws2812_and_cap35/ (+ PCB /home/pfornage/KiCad/YBF-PCB/ws2812_and_cap.kicad_pcb)
├─ /ws2812_and_cap64/ (+ PCB /home/pfornage/KiCad/YBF-PCB/ws2812_and_cap.kicad_pcb)
├─ /ws2812_and_cap54/ (+ PCB /home/pfornage/KiCad/YBF-PCB/ws2812_and_cap.kicad_pcb)
├─ /ws2812_and_cap86/ (+ PCB /home/pfornage/KiCad/YBF-PCB/ws2812_and_cap.kicad_pcb)
├─ /ws2812_and_cap48/ (+ PCB /home/pfornage/KiCad/YBF-PCB/ws2812_and_cap.kicad_pcb)
├─ /ws2812_and_cap23/ (+ PCB /home/pfornage/KiCad/YBF-PCB/ws2812_and_cap.kicad_pcb)
├─ /ws2812_and_cap46/ (+ PCB /home/pfornage/KiCad/YBF-PCB/ws2812_and_cap.kicad_pcb)
├─ /ws2812_and_cap58/ (+ PCB /home/pfornage/KiCad/YBF-PCB/ws2812_and_cap.kicad_pcb)
├─ /ws2812_and_cap77/ (+ PCB /home/pfornage/KiCad/YBF-PCB/ws2812_and_cap.kicad_pcb)
├─ /ws2812_and_cap62/ (+ PCB /home/pfornage/KiCad/YBF-PCB/ws2812_and_cap.kicad_pcb)
├─ /ws2812_and_cap74/ (+ PCB /home/pfornage/KiCad/YBF-PCB/ws2812_and_cap.kicad_pcb)
├─ /ws2812_and_cap38/ (+ PCB /home/pfornage/KiCad/YBF-PCB/ws2812_and_cap.kicad_pcb)
├─ /ws2812_and_cap41/ (+ PCB /home/pfornage/KiCad/YBF-PCB/ws2812_and_cap.kicad_pcb)
├─ /ws2812_and_cap87/ (+ PCB /home/pfornage/KiCad/YBF-PCB/ws2812_and_cap.kicad_pcb)
├─ /ws2812_and_cap52/ (+ PCB /home/pfornage/KiCad/YBF-PCB/ws2812_and_cap.kicad_pcb)
├─ /ws2812_and_cap2/ (+ PCB /home/pfornage/KiCad/YBF-PCB/ws2812_and_cap.kicad_pcb)
├─ /ws2812_and_cap11/ (+ PCB /home/pfornage/KiCad/YBF-PCB/ws2812_and_cap.kicad_pcb)
├─ /ws2812_and_cap29/ (+ PCB /home/pfornage/KiCad/YBF-PCB/ws2812_and_cap.kicad_pcb)
├─ /ws2812_and_cap44/ (+ PCB /home/pfornage/KiCad/YBF-PCB/ws2812_and_cap.kicad_pcb)
├─ /ws2812_and_cap42/ (+ PCB /home/pfornage/KiCad/YBF-PCB/ws2812_and_cap.kicad_pcb)
├─ /ws2812_and_cap16/ (+ PCB /home/pfornage/KiCad/YBF-PCB/ws2812_and_cap.kicad_pcb)
├─ /ws2812_and_cap92/ (+ PCB /home/pfornage/KiCad/YBF-PCB/ws2812_and_cap.kicad_pcb)
├─ /ws2812_and_cap88/ (+ PCB /home/pfornage/KiCad/YBF-PCB/ws2812_and_cap.kicad_pcb)
├─ /ws2812_and_cap75/ (+ PCB /home/pfornage/KiCad/YBF-PCB/ws2812_and_cap.kicad_pcb)
├─ /ws2812_and_cap26/ (+ PCB /home/pfornage/KiCad/YBF-PCB/ws2812_and_cap.kicad_pcb)
├─ /ws2812_and_cap28/ (+ PCB /home/pfornage/KiCad/YBF-PCB/ws2812_and_cap.kicad_pcb)
├─ /ws2812_and_cap53/ (+ PCB /home/pfornage/KiCad/YBF-PCB/ws2812_and_cap.kicad_pcb)
├─ /ws2812_and_cap5/ (+ PCB /home/pfornage/KiCad/YBF-PCB/ws2812_and_cap.kicad_pcb)
├─ /ws2812_and_cap85/ (+ PCB /home/pfornage/KiCad/YBF-PCB/ws2812_and_cap.kicad_pcb)
├─ /ws2812_and_cap17/ (+ PCB /home/pfornage/KiCad/YBF-PCB/ws2812_and_cap.kicad_pcb)
├─ /ws2812_and_cap60/ (+ PCB /home/pfornage/KiCad/YBF-PCB/ws2812_and_cap.kicad_pcb)
├─ /ws2812_and_cap37/ (+ PCB /home/pfornage/KiCad/YBF-PCB/ws2812_and_cap.kicad_pcb)
├─ /ws2812_and_cap33/ (+ PCB /home/pfornage/KiCad/YBF-PCB/ws2812_and_cap.kicad_pcb)
├─ /ws2812_and_cap72/ (+ PCB /home/pfornage/KiCad/YBF-PCB/ws2812_and_cap.kicad_pcb)
├─ /ws2812_and_cap10/ (+ PCB /home/pfornage/KiCad/YBF-PCB/ws2812_and_cap.kicad_pcb)
├─ /ws2812_and_cap21/ (+ PCB /home/pfornage/KiCad/YBF-PCB/ws2812_and_cap.kicad_pcb)
├─ /ws2812_and_cap45/ (+ PCB /home/pfornage/KiCad/YBF-PCB/ws2812_and_cap.kicad_pcb)
├─ /ws2812_and_cap81/ (+ PCB /home/pfornage/KiCad/YBF-PCB/ws2812_and_cap.kicad_pcb)
├─ /ws2812_and_cap89/ (+ PCB /home/pfornage/KiCad/YBF-PCB/ws2812_and_cap.kicad_pcb)
├─ /ws2812_and_cap8/ (+ PCB /home/pfornage/KiCad/YBF-PCB/ws2812_and_cap.kicad_pcb)
├─ /ws2812_and_cap84/ (+ PCB /home/pfornage/KiCad/YBF-PCB/ws2812_and_cap.kicad_pcb)
├─ /ws2812_and_cap71/ (+ PCB /home/pfornage/KiCad/YBF-PCB/ws2812_and_cap.kicad_pcb)
├─ /ws2812_and_cap43/ (+ PCB /home/pfornage/KiCad/YBF-PCB/ws2812_and_cap.kicad_pcb)
├─ /ws2812_and_cap51/ (+ PCB /home/pfornage/KiCad/YBF-PCB/ws2812_and_cap.kicad_pcb)
├─ /ws2812_and_cap66/ (+ PCB /home/pfornage/KiCad/YBF-PCB/ws2812_and_cap.kicad_pcb)
PCB /home/pfornage/KiCad/YBF-PCB/ws2812_and_cap.kicad_pcb
  /8718c95f: D1
  /e10d8daa: C1
PCB /home/pfornage/KiCad/YBF-PCB/YBF.kicad_pcb
  /3a8838f3/8718c95f: D96
  /8a758dc1/8718c95f: D95
  /66099f0b/8718c95f: D94
  /ca96b70a/8718c95f: D93
  /8633f633/8718c95f: D92
  /8c57d028/8718c95f: D91
  /f3644fe4/8718c95f: D90
  /ccef76cf/8718c95f: D89
  /c0b18641/8718c95f: D88
  /9a9169b4/8718c95f: D87
  /de384a7e/8718c95f: D86
  /f9aeefc1/8718c95f: D85
  /5f76a217/8718c95f: D84
  /4c0095b3/8718c95f: D83
  /ece210a9/8718c95f: D82
  /1a5461ea/8718c95f: D81
  /5a28596d/8718c95f: D80
  /0193f13b/8718c95f: D79
  /b057c4a9/8718c95f: D78
  /800588c6/8718c95f: D77
  /cdd67430/8718c95f: D76
  /b4fb5bd3/8718c95f: D75
  /407f103f/8718c95f: D74
  /e610ca6a/8718c95f: D73
  /fac2f9cf/8718c95f: D72
  /056496a1/8718c95f: D71
  /2a56029b/8718c95f: D70
  /19bef4e9/8718c95f: D69
  /77a1a7cc/8718c95f: D68
  /993dc2d8/8718c95f: D67
  /fe823ce4/8718c95f: D66
  /3c562e3b/8718c95f: D65
  /4f9cb0a3/8718c95f: D64
  /b0bcba4f/8718c95f: D63
  /8f97384e/8718c95f: D62
  /e07084e7/8718c95f: D61
  /1341cb4b/8718c95f: D60
  /ac8ab3d3/8718c95f: D59
  /136280d5/8718c95f: D58
  /36f52103/8718c95f: D57
  /499b3b98/8718c95f: D56
  /9948ae37/8718c95f: D55
  /d1d47328/8718c95f: D54
  /c10e5c9f/8718c95f: D53
  /fc96d6ea/8718c95f: D52
  /770da981/8718c95f: D51
  /1f6379da/8718c95f: D50
  /9ef9fd19/8718c95f: D49
  /0871c3b6/8718c95f: D48
  /a7aed3d8/8718c95f: D47
  /ea40d793/8718c95f: D46
  /c9750736/8718c95f: D45
  /fc05f45e/8718c95f: D44
  /c9f14f64/8718c95f: D43
  /be6d20c2/8718c95f: D42
  /15dfa47d/8718c95f: D41
  /78ba3b62/8718c95f: D40
  /b9f4925e/8718c95f: D39
  /e1ae5499/8718c95f: D38
  /2e404d46/8718c95f: D37
  /9390a967/8718c95f: D36
  /36f238e8/8718c95f: D35
  /74eef62e/8718c95f: D34
  /e572bea0/8718c95f: D33
  /62fc622e/8718c95f: D32
  /5ecc2df9/8718c95f: D31
  /c7566d32/8718c95f: D30
  /d14a22e4/8718c95f: D29
  /470b8e57/8718c95f: D28
  /cf9f85de/8718c95f: D27
  /0d95abc8/8718c95f: D26
  /0e4440c8/8718c95f: D25
  /a1571a1e/8718c95f: D24
  /55368255/8718c95f: D23
  /e9577690/8718c95f: D22
  /0b11d4d4/8718c95f: D21
  /8568389d/8718c95f: D20
  /ca22c7dd/8718c95f: D19
  /47a23467/8718c95f: D18
  /dfae978e/8718c95f: D17
  /169d9fb8/8718c95f: D16
  /70440456/8718c95f: D15
  /08c7cd34/8718c95f: D14
  /625e862a/8718c95f: D13
  /c753195b/8718c95f: D12
  /e91be2af/8718c95f: D11
  /657b9c65/8718c95f: D10
  /f76c115b/8718c95f: D9
  /2ead4010/8718c95f: D8
  /482b9941/8718c95f: D7
  /da35f444/8718c95f: D6
  /3b3db1f0/8718c95f: D5
  /423cfd7b/8718c95f: D4
  /865ffa86/8718c95f: D3
  /c334abe1/8718c95f: D2
  /93361ba6/8718c95f: D1
  /3a8838f3/e10d8daa: C104
  /8a758dc1/e10d8daa: C103
  /66099f0b/e10d8daa: C102
  /ca96b70a/e10d8daa: C101
  /8633f633/e10d8daa: C100
  /8c57d028/e10d8daa: C99
  /f3644fe4/e10d8daa: C98
  /ccef76cf/e10d8daa: C97
  /c0b18641/e10d8daa: C96
  /9a9169b4/e10d8daa: C95
  /de384a7e/e10d8daa: C94
  /f9aeefc1/e10d8daa: C93
  /5f76a217/e10d8daa: C92
  /4c0095b3/e10d8daa: C91
  /ece210a9/e10d8daa: C90
  /1a5461ea/e10d8daa: C89
  /5a28596d/e10d8daa: C88
  /0193f13b/e10d8daa: C87
  /b057c4a9/e10d8daa: C86
  /800588c6/e10d8daa: C85
  /cdd67430/e10d8daa: C84
  /b4fb5bd3/e10d8daa: C83
  /407f103f/e10d8daa: C82
  /e610ca6a/e10d8daa: C81
  /fac2f9cf/e10d8daa: C80
  /056496a1/e10d8daa: C79
  /2a56029b/e10d8daa: C78
  /19bef4e9/e10d8daa: C77
  /77a1a7cc/e10d8daa: C76
  /993dc2d8/e10d8daa: C75
  /fe823ce4/e10d8daa: C74
  /3c562e3b/e10d8daa: C73
  /4f9cb0a3/e10d8daa: C72
  /b0bcba4f/e10d8daa: C71
  /8f97384e/e10d8daa: C70
  /e07084e7/e10d8daa: C69
  /1341cb4b/e10d8daa: C68
  /ac8ab3d3/e10d8daa: C67
  /136280d5/e10d8daa: C66
  /36f52103/e10d8daa: C65
  /499b3b98/e10d8daa: C64
  /9948ae37/e10d8daa: C63
  /d1d47328/e10d8daa: C62
  /c10e5c9f/e10d8daa: C61
  /fc96d6ea/e10d8daa: C60
  /770da981/e10d8daa: C59
  /1f6379da/e10d8daa: C58
  /9ef9fd19/e10d8daa: C57
  /0871c3b6/e10d8daa: C56
  /a7aed3d8/e10d8daa: C55
  /ea40d793/e10d8daa: C54
  /c9750736/e10d8daa: C53
  /fc05f45e/e10d8daa: C52
  /c9f14f64/e10d8daa: C51
  /be6d20c2/e10d8daa: C50
  /15dfa47d/e10d8daa: C49
  /78ba3b62/e10d8daa: C48
  /b9f4925e/e10d8daa: C47
  /e1ae5499/e10d8daa: C46
  /2e404d46/e10d8daa: C45
  /9390a967/e10d8daa: C44
  /36f238e8/e10d8daa: C43
  /74eef62e/e10d8daa: C42
  /e572bea0/e10d8daa: C41
  /62fc622e/e10d8daa: C40
  /5ecc2df9/e10d8daa: C39
  /c7566d32/e10d8daa: C38
  /d14a22e4/e10d8daa: C37
  /470b8e57/e10d8daa: C36
  /cf9f85de/e10d8daa: C35
  /0d95abc8/e10d8daa: C34
  /0e4440c8/e10d8daa: C33
  /a1571a1e/e10d8daa: C32
  /55368255/e10d8daa: C31
  /e9577690/e10d8daa: C30
  /0b11d4d4/e10d8daa: C29
  /8568389d/e10d8daa: C28
  /ca22c7dd/e10d8daa: C27
  /47a23467/e10d8daa: C26
  /dfae978e/e10d8daa: C25
  /169d9fb8/e10d8daa: C24
  /70440456/e10d8daa: C23
  /08c7cd34/e10d8daa: C22
  /625e862a/e10d8daa: C21
  /c753195b/e10d8daa: C20
  /e91be2af/e10d8daa: C19
  /657b9c65/e10d8daa: C18
  /f76c115b/e10d8daa: C17
  /2ead4010/e10d8daa: C16
  /482b9941/e10d8daa: C15
  /da35f444/e10d8daa: C14
  /3b3db1f0/e10d8daa: C13
  /423cfd7b/e10d8daa: C12
  /865ffa86/e10d8daa: C11
  /c334abe1/e10d8daa: C10
  /93361ba6/e10d8daa: C9
  /88542998: C8
  /2da8dd47: C3
  /dc7a0fa1: C5
  /132bfb71: C7
  /3881b430: C6
  /c9d80963: C4
  /7fab80f0: SW1
  /19ae6847: SW2
  /20f0b0e4: JP1
  /36078276: S1
  /16ee01d7: J2
  /5e39a56d: J1
  /f86a7718: U1
  /1b88f87c: U3
  /02b87177: U2
  /f3a6ad24: C1
  /68eb4d90: C2
